<?xml version="1.0" encoding="UTF-8"?>
<testng-results ignored="0" total="1" passed="1" failed="0" skipped="0">
  <reporter-output>
  </reporter-output>
  <suite started-at="2024-01-23T18:56:36 IST" name="Default suite" finished-at="2024-01-23T18:56:37 IST" duration-ms="1770">
    <groups>
    </groups>
    <test started-at="2024-01-23T18:56:36 IST" name="Default test" finished-at="2024-01-23T18:56:37 IST" duration-ms="1770">
      <class name="apipage.Kvk">
        <test-method signature="validateKvkNumber()[pri:0, instance:apipage.Kvk@4a7f959b]" started-at="2024-01-23T18:56:36 IST" name="validateKvkNumber" finished-at="2024-01-23T18:56:37 IST" duration-ms="1749" status="PASS">
          <reporter-output>
          </reporter-output>
        </test-method> <!-- validateKvkNumber -->
      </class> <!-- apipage.Kvk -->
    </test> <!-- Default test -->
  </suite> <!-- Default suite -->
</testng-results>
