<?xml version="1.0" encoding="UTF-8"?>
<testng-results ignored="0" total="1" passed="1" failed="0" skipped="0">
  <reporter-output>
  </reporter-output>
  <suite started-at="2023-12-13T18:48:38 IST" name="Default suite" finished-at="2023-12-13T18:48:40 IST" duration-ms="2000">
    <groups>
    </groups>
    <test started-at="2023-12-13T18:48:38 IST" name="Default test" finished-at="2023-12-13T18:48:40 IST" duration-ms="2000">
      <class name="apipage.TextkrProfnCompleteNormalized">
        <test-method signature="professionsCompleteNormalized()[pri:0, instance:apipage.TextkrProfnCompleteNormalized@4a7f959b]" started-at="2023-12-13T18:48:38 IST" name="professionsCompleteNormalized" finished-at="2023-12-13T18:48:40 IST" duration-ms="1979" status="PASS">
          <reporter-output>
          </reporter-output>
        </test-method> <!-- professionsCompleteNormalized -->
      </class> <!-- apipage.TextkrProfnCompleteNormalized -->
    </test> <!-- Default test -->
  </suite> <!-- Default suite -->
</testng-results>
